[32m2023-05-27 10:04:26 -0400[0m - dagster - [34mDEBUG[0m - __ASSET_JOB - a2298e52-7420-4a8a-8961-09426895197a - 43439 - LOGS_CAPTURED - Started capturing logs in process (pid: 43439).
[32m2023-05-27 10:04:26 -0400[0m - dagster - [34mDEBUG[0m - __ASSET_JOB - a2298e52-7420-4a8a-8961-09426895197a - 43439 - vitals__state__new_texas_vitals - STEP_START - Started execution of step "vitals__state__new_texas_vitals".
[32m2023-05-27 10:04:26 -0400[0m - dagster - [34mERROR[0m - [31m__ASSET_JOB - a2298e52-7420-4a8a-8961-09426895197a - 43439 - vitals__state__new_texas_vitals - STEP_FAILURE - Execution of step "vitals__state__new_texas_vitals" failed.

dagster._core.errors.DagsterExecutionStepExecutionError: Error occurred while executing op "vitals__state__new_texas_vitals"::

ImportError: lxml not found, please install it

Stack Trace:
  File "/Users/jeffb/mambaforge/envs/covid/lib/python3.11/site-packages/dagster/_core/execution/plan/utils.py", line 54, in op_execution_error_boundary
    yield
  File "/Users/jeffb/mambaforge/envs/covid/lib/python3.11/site-packages/dagster/_utils/__init__.py", line 445, in iterate_with_context
    next_output = next(iterator)
                  ^^^^^^^^^^^^^^
  File "/Users/jeffb/mambaforge/envs/covid/lib/python3.11/site-packages/dagster/_core/execution/plan/compute_generator.py", line 124, in _coerce_op_compute_fn_to_iterator
    result = invoke_compute_fn(
             ^^^^^^^^^^^^^^^^^^
  File "/Users/jeffb/mambaforge/envs/covid/lib/python3.11/site-packages/dagster/_core/execution/plan/compute_generator.py", line 118, in invoke_compute_fn
    return fn(context, **args_to_pass) if context_arg_provided else fn(**args_to_pass)
                                                                    ^^^^^^^^^^^^^^^^^^
  File "/Users/jeffb/Desktop/Life/personal-projects/COVID/etl/assets/vitals/get_covid_dshs.py", line 36, in new_texas_vitals
    raw_table = get_result_table(base_url=dshs_base_url)
                ^^^^^^^^^^^^^^^^^^^^^^^^^^^^^^^^^^^^^^^^
  File "/Users/jeffb/Desktop/Life/personal-projects/COVID/src/get_covid_dshs.py", line 10, in get_result_table
    dshs_table = pd.read_html(base_url)
                 ^^^^^^^^^^^^^^^^^^^^^^
  File "/Users/jeffb/mambaforge/envs/covid/lib/python3.11/site-packages/pandas/io/html.py", line 1212, in read_html
    return _parse(
           ^^^^^^^
  File "/Users/jeffb/mambaforge/envs/covid/lib/python3.11/site-packages/pandas/io/html.py", line 977, in _parse
    parser = _parser_dispatch(flav)
             ^^^^^^^^^^^^^^^^^^^^^^
  File "/Users/jeffb/mambaforge/envs/covid/lib/python3.11/site-packages/pandas/io/html.py", line 934, in _parser_dispatch
    raise ImportError("lxml not found, please install it")
[0m
